<?xml version="1.0" encoding="UTF-8"?>
<robot generator="Robot 7.3 (Python 3.13.2 on win32)" generated="2025-07-14T10:09:28.630620" rpa="false" schemaversion="5">
<suite id="s1" name="Tests" source="C:\Users\varun\PycharmProjects\RobotFramework\tests">
<suite id="s1-s1" name="testDemo5" source="C:\Users\varun\PycharmProjects\RobotFramework\tests\testDemo5.robot">
<test id="s1-s1-t1" name="Valid UN and Invalid PWD" line="15">
<kw name="open the browser with mortgage payment url" owner="Generic" type="SETUP">
<kw name="Open Browser" owner="SeleniumLibrary">
<msg time="2025-07-14T10:09:29.206627" level="INFO">Opening browser 'chrome' to base url 'https://rahulshettyacademy.com/loginpagePractise/'.</msg>
<arg>${URL}</arg>
<arg>chrome</arg>
<arg>options=add_experimental_option("detach", True)</arg>
<doc>Opens a new browser instance to the optional ``url``.</doc>
<status status="PASS" start="2025-07-14T10:09:29.205975" elapsed="7.392165"/>
</kw>
<kw name="Maximize Browser Window" owner="SeleniumLibrary">
<doc>Maximizes current browser window.</doc>
<status status="PASS" start="2025-07-14T10:09:36.598732" elapsed="1.565047"/>
</kw>
<status status="PASS" start="2025-07-14T10:09:29.204325" elapsed="8.959866"/>
</kw>
<kw name="Validate UnSuccessful Login">
<kw name="Fill the login form">
<kw name="Input Text" owner="SeleniumLibrary">
<msg time="2025-07-14T10:09:38.171597" level="INFO">Typing text 'rahulshettyacademy' into text field 'id:username'.</msg>
<arg>id:username</arg>
<arg>${username}</arg>
<arg>Clear Element Text</arg>
<doc>Types the given ``text`` into the text field identified by ``locator``.</doc>
<status status="PASS" start="2025-07-14T10:09:38.167401" elapsed="2.691261"/>
</kw>
<kw name="Input Password" owner="SeleniumLibrary">
<msg time="2025-07-14T10:09:40.860229" level="INFO">Typing password into text field 'id:password'.</msg>
<msg time="2025-07-14T10:09:42.045767" level="INFO">Temporally setting log level to: NONE</msg>
<arg>id:password</arg>
<arg>${password}</arg>
<arg>Clear Element Text</arg>
<doc>Types the given password into the text field identified by ``locator``.</doc>
<status status="PASS" start="2025-07-14T10:09:40.859417" elapsed="2.488696"/>
</kw>
<kw name="Click Button" owner="SeleniumLibrary">
<msg time="2025-07-14T10:09:43.355169" level="INFO">Clicking button 'id:signInBtn'.</msg>
<arg>id:signInBtn</arg>
<doc>Clicks the button identified by ``locator``.</doc>
<status status="PASS" start="2025-07-14T10:09:43.354163" elapsed="1.291048"/>
</kw>
<arg>${username}</arg>
<arg>${password}</arg>
<status status="PASS" start="2025-07-14T10:09:38.166087" elapsed="6.479433"/>
</kw>
<kw name="wait until it checks and displays error message">
<kw name="Wait Until Element Is Visible" owner="SeleniumLibrary">
<arg>${Error_Message_Login}</arg>
<doc>Waits until the element ``locator`` is visible.</doc>
<status status="PASS" start="2025-07-14T10:09:44.646644" elapsed="3.159842"/>
</kw>
<status status="PASS" start="2025-07-14T10:09:44.645893" elapsed="3.160835"/>
</kw>
<kw name="verify the error message is correct">
<kw name="Comment" owner="BuiltIn">
<arg>${result} =</arg>
<arg>Get Text</arg>
<arg>${Error_Message_Login}</arg>
<doc>Displays the given messages in the log file as keyword arguments.</doc>
<status status="PASS" start="2025-07-14T10:09:47.807608" elapsed="0.000261"/>
</kw>
<kw name="Comment" owner="BuiltIn">
<arg>Should Be Equal As Strings</arg>
<arg>${result}</arg>
<arg>Incorrect username/password.</arg>
<doc>Displays the given messages in the log file as keyword arguments.</doc>
<status status="PASS" start="2025-07-14T10:09:47.810575" elapsed="0.000488"/>
</kw>
<kw name="Element Text Should Be" owner="SeleniumLibrary">
<msg time="2025-07-14T10:09:47.812014" level="INFO">Verifying element 'css:div[class='alert alert-danger col-md-12']' contains exact text 'Incorrect username/password.'.</msg>
<arg>${Error_Message_Login}</arg>
<arg>Incorrect username/password.</arg>
<doc>Verifies that element ``locator`` contains exact the text ``expected``.</doc>
<status status="PASS" start="2025-07-14T10:09:47.811439" elapsed="0.763393"/>
</kw>
<status status="PASS" start="2025-07-14T10:09:47.807069" elapsed="0.768198"/>
</kw>
<arg>username=rahulshettyacademy</arg>
<arg>password=learn</arg>
<status status="PASS" start="2025-07-14T10:09:38.164801" elapsed="10.410675"/>
</kw>
<kw name="Close Browser" owner="SeleniumLibrary" type="TEARDOWN">
<doc>Closes the current browser.</doc>
<status status="PASS" start="2025-07-14T10:09:48.576087" elapsed="8.149554"/>
</kw>
<status status="PASS" start="2025-07-14T10:09:29.202008" elapsed="27.523865"/>
</test>
<test id="s1-s1-t2" name="Invalid UN and Valid PWD" line="15">
<kw name="open the browser with mortgage payment url" owner="Generic" type="SETUP">
<kw name="Open Browser" owner="SeleniumLibrary">
<msg time="2025-07-14T10:09:56.746538" level="INFO">Opening browser 'chrome' to base url 'https://rahulshettyacademy.com/loginpagePractise/'.</msg>
<arg>${URL}</arg>
<arg>chrome</arg>
<arg>options=add_experimental_option("detach", True)</arg>
<doc>Opens a new browser instance to the optional ``url``.</doc>
<status status="PASS" start="2025-07-14T10:09:56.745528" elapsed="5.010718"/>
</kw>
<kw name="Maximize Browser Window" owner="SeleniumLibrary">
<doc>Maximizes current browser window.</doc>
<status status="PASS" start="2025-07-14T10:10:01.756666" elapsed="0.046254"/>
</kw>
<status status="PASS" start="2025-07-14T10:09:56.742559" elapsed="5.060592"/>
</kw>
<kw name="Validate UnSuccessful Login">
<kw name="Fill the login form">
<kw name="Input Text" owner="SeleniumLibrary">
<msg time="2025-07-14T10:10:01.810186" level="INFO">Typing text 'rahul' into text field 'id:username'.</msg>
<arg>id:username</arg>
<arg>${username}</arg>
<arg>Clear Element Text</arg>
<doc>Types the given ``text`` into the text field identified by ``locator``.</doc>
<status status="PASS" start="2025-07-14T10:10:01.805226" elapsed="0.260076"/>
</kw>
<kw name="Input Password" owner="SeleniumLibrary">
<msg time="2025-07-14T10:10:02.067188" level="INFO">Typing password into text field 'id:password'.</msg>
<msg time="2025-07-14T10:10:02.117180" level="INFO">Temporally setting log level to: NONE</msg>
<arg>id:password</arg>
<arg>${password}</arg>
<arg>Clear Element Text</arg>
<doc>Types the given password into the text field identified by ``locator``.</doc>
<status status="PASS" start="2025-07-14T10:10:02.065844" elapsed="0.131959"/>
</kw>
<kw name="Click Button" owner="SeleniumLibrary">
<msg time="2025-07-14T10:10:02.198490" level="INFO">Clicking button 'id:signInBtn'.</msg>
<arg>id:signInBtn</arg>
<doc>Clicks the button identified by ``locator``.</doc>
<status status="PASS" start="2025-07-14T10:10:02.198133" elapsed="0.123727"/>
</kw>
<arg>${username}</arg>
<arg>${password}</arg>
<status status="PASS" start="2025-07-14T10:10:01.804260" elapsed="0.517840"/>
</kw>
<kw name="wait until it checks and displays error message">
<kw name="Wait Until Element Is Visible" owner="SeleniumLibrary">
<arg>${Error_Message_Login}</arg>
<doc>Waits until the element ``locator`` is visible.</doc>
<status status="PASS" start="2025-07-14T10:10:02.323059" elapsed="2.107405"/>
</kw>
<status status="PASS" start="2025-07-14T10:10:02.322408" elapsed="2.108386"/>
</kw>
<kw name="verify the error message is correct">
<kw name="Comment" owner="BuiltIn">
<arg>${result} =</arg>
<arg>Get Text</arg>
<arg>${Error_Message_Login}</arg>
<doc>Displays the given messages in the log file as keyword arguments.</doc>
<status status="PASS" start="2025-07-14T10:10:04.431895" elapsed="0.000343"/>
</kw>
<kw name="Comment" owner="BuiltIn">
<arg>Should Be Equal As Strings</arg>
<arg>${result}</arg>
<arg>Incorrect username/password.</arg>
<doc>Displays the given messages in the log file as keyword arguments.</doc>
<status status="PASS" start="2025-07-14T10:10:04.432592" elapsed="0.000356"/>
</kw>
<kw name="Element Text Should Be" owner="SeleniumLibrary">
<msg time="2025-07-14T10:10:04.442119" level="INFO">Verifying element 'css:div[class='alert alert-danger col-md-12']' contains exact text 'Incorrect username/password.'.</msg>
<arg>${Error_Message_Login}</arg>
<arg>Incorrect username/password.</arg>
<doc>Verifies that element ``locator`` contains exact the text ``expected``.</doc>
<status status="PASS" start="2025-07-14T10:10:04.433351" elapsed="0.161008"/>
</kw>
<status status="PASS" start="2025-07-14T10:10:04.431183" elapsed="0.163437"/>
</kw>
<arg>username=rahul</arg>
<arg>password=learning</arg>
<status status="PASS" start="2025-07-14T10:10:01.803493" elapsed="2.791286"/>
</kw>
<kw name="Close Browser" owner="SeleniumLibrary" type="TEARDOWN">
<doc>Closes the current browser.</doc>
<status status="PASS" start="2025-07-14T10:10:04.595281" elapsed="2.529686"/>
</kw>
<status status="PASS" start="2025-07-14T10:09:56.726939" elapsed="10.398238"/>
</test>
<test id="s1-s1-t3" name="Invalid UN and Invalid PWD" line="15">
<kw name="open the browser with mortgage payment url" owner="Generic" type="SETUP">
<kw name="Open Browser" owner="SeleniumLibrary">
<msg time="2025-07-14T10:10:07.128784" level="INFO">Opening browser 'chrome' to base url 'https://rahulshettyacademy.com/loginpagePractise/'.</msg>
<arg>${URL}</arg>
<arg>chrome</arg>
<arg>options=add_experimental_option("detach", True)</arg>
<doc>Opens a new browser instance to the optional ``url``.</doc>
<status status="PASS" start="2025-07-14T10:10:07.128321" elapsed="1.302978"/>
</kw>
<kw name="Maximize Browser Window" owner="SeleniumLibrary">
<doc>Maximizes current browser window.</doc>
<status status="PASS" start="2025-07-14T10:10:08.431996" elapsed="3.380742"/>
</kw>
<status status="PASS" start="2025-07-14T10:10:07.127673" elapsed="4.685347"/>
</kw>
<kw name="Validate UnSuccessful Login">
<kw name="Fill the login form">
<kw name="Input Text" owner="SeleniumLibrary">
<msg time="2025-07-14T10:10:11.814982" level="INFO">Typing text 'rahul' into text field 'id:username'.</msg>
<arg>id:username</arg>
<arg>${username}</arg>
<arg>Clear Element Text</arg>
<doc>Types the given ``text`` into the text field identified by ``locator``.</doc>
<status status="PASS" start="2025-07-14T10:10:11.814643" elapsed="0.186362"/>
</kw>
<kw name="Input Password" owner="SeleniumLibrary">
<msg time="2025-07-14T10:10:12.001763" level="INFO">Typing password into text field 'id:password'.</msg>
<msg time="2025-07-14T10:10:12.061462" level="INFO">Temporally setting log level to: NONE</msg>
<arg>id:password</arg>
<arg>${password}</arg>
<arg>Clear Element Text</arg>
<doc>Types the given password into the text field identified by ``locator``.</doc>
<status status="PASS" start="2025-07-14T10:10:12.001315" elapsed="0.129805"/>
</kw>
<kw name="Click Button" owner="SeleniumLibrary">
<msg time="2025-07-14T10:10:12.131602" level="INFO">Clicking button 'id:signInBtn'.</msg>
<arg>id:signInBtn</arg>
<doc>Clicks the button identified by ``locator``.</doc>
<status status="PASS" start="2025-07-14T10:10:12.131330" elapsed="0.120095"/>
</kw>
<arg>${username}</arg>
<arg>${password}</arg>
<status status="PASS" start="2025-07-14T10:10:11.814161" elapsed="0.437494"/>
</kw>
<kw name="wait until it checks and displays error message">
<kw name="Wait Until Element Is Visible" owner="SeleniumLibrary">
<arg>${Error_Message_Login}</arg>
<doc>Waits until the element ``locator`` is visible.</doc>
<status status="PASS" start="2025-07-14T10:10:12.252285" elapsed="2.117843"/>
</kw>
<status status="PASS" start="2025-07-14T10:10:12.251868" elapsed="2.119321"/>
</kw>
<kw name="verify the error message is correct">
<kw name="Comment" owner="BuiltIn">
<arg>${result} =</arg>
<arg>Get Text</arg>
<arg>${Error_Message_Login}</arg>
<doc>Displays the given messages in the log file as keyword arguments.</doc>
<status status="PASS" start="2025-07-14T10:10:14.372891" elapsed="0.000261"/>
</kw>
<kw name="Comment" owner="BuiltIn">
<arg>Should Be Equal As Strings</arg>
<arg>${result}</arg>
<arg>Incorrect username/password.</arg>
<doc>Displays the given messages in the log file as keyword arguments.</doc>
<status status="PASS" start="2025-07-14T10:10:14.373336" elapsed="0.000144"/>
</kw>
<kw name="Element Text Should Be" owner="SeleniumLibrary">
<msg time="2025-07-14T10:10:14.373979" level="INFO">Verifying element 'css:div[class='alert alert-danger col-md-12']' contains exact text 'Incorrect username/password.'.</msg>
<arg>${Error_Message_Login}</arg>
<arg>Incorrect username/password.</arg>
<doc>Verifies that element ``locator`` contains exact the text ``expected``.</doc>
<status status="PASS" start="2025-07-14T10:10:14.373660" elapsed="0.026392"/>
</kw>
<status status="PASS" start="2025-07-14T10:10:14.372189" elapsed="0.028008"/>
</kw>
<arg>username=rahul</arg>
<arg>password=learn</arg>
<status status="PASS" start="2025-07-14T10:10:11.813455" elapsed="2.586829"/>
</kw>
<kw name="Close Browser" owner="SeleniumLibrary" type="TEARDOWN">
<doc>Closes the current browser.</doc>
<status status="PASS" start="2025-07-14T10:10:14.400530" elapsed="2.163753"/>
</kw>
<status status="PASS" start="2025-07-14T10:10:07.125750" elapsed="9.438675"/>
</test>
<test id="s1-s1-t4" name="Special characters" line="15">
<kw name="open the browser with mortgage payment url" owner="Generic" type="SETUP">
<kw name="Open Browser" owner="SeleniumLibrary">
<msg time="2025-07-14T10:10:16.566536" level="INFO">Opening browser 'chrome' to base url 'https://rahulshettyacademy.com/loginpagePractise/'.</msg>
<arg>${URL}</arg>
<arg>chrome</arg>
<arg>options=add_experimental_option("detach", True)</arg>
<doc>Opens a new browser instance to the optional ``url``.</doc>
<status status="PASS" start="2025-07-14T10:10:16.566226" elapsed="1.966986"/>
</kw>
<kw name="Maximize Browser Window" owner="SeleniumLibrary">
<doc>Maximizes current browser window.</doc>
<status status="PASS" start="2025-07-14T10:10:18.533806" elapsed="0.076177"/>
</kw>
<status status="PASS" start="2025-07-14T10:10:16.565842" elapsed="2.045128"/>
</kw>
<kw name="Validate UnSuccessful Login">
<kw name="Fill the login form">
<kw name="Input Text" owner="SeleniumLibrary">
<msg time="2025-07-14T10:10:18.613652" level="INFO">Typing text '!%&amp;' into text field 'id:username'.</msg>
<arg>id:username</arg>
<arg>${username}</arg>
<arg>Clear Element Text</arg>
<doc>Types the given ``text`` into the text field identified by ``locator``.</doc>
<status status="PASS" start="2025-07-14T10:10:18.613126" elapsed="0.296499"/>
</kw>
<kw name="Input Password" owner="SeleniumLibrary">
<msg time="2025-07-14T10:10:18.910268" level="INFO">Typing password into text field 'id:password'.</msg>
<msg time="2025-07-14T10:10:18.955130" level="INFO">Temporally setting log level to: NONE</msg>
<arg>id:password</arg>
<arg>${password}</arg>
<arg>Clear Element Text</arg>
<doc>Types the given password into the text field identified by ``locator``.</doc>
<status status="PASS" start="2025-07-14T10:10:18.909888" elapsed="0.100062"/>
</kw>
<kw name="Click Button" owner="SeleniumLibrary">
<msg time="2025-07-14T10:10:19.010689" level="INFO">Clicking button 'id:signInBtn'.</msg>
<arg>id:signInBtn</arg>
<doc>Clicks the button identified by ``locator``.</doc>
<status status="PASS" start="2025-07-14T10:10:19.010259" elapsed="0.100923"/>
</kw>
<arg>${username}</arg>
<arg>${password}</arg>
<status status="PASS" start="2025-07-14T10:10:18.612323" elapsed="0.499061"/>
</kw>
<kw name="wait until it checks and displays error message">
<kw name="Wait Until Element Is Visible" owner="SeleniumLibrary">
<arg>${Error_Message_Login}</arg>
<doc>Waits until the element ``locator`` is visible.</doc>
<status status="PASS" start="2025-07-14T10:10:19.112035" elapsed="2.020049"/>
</kw>
<status status="PASS" start="2025-07-14T10:10:19.111633" elapsed="2.021640"/>
</kw>
<kw name="verify the error message is correct">
<kw name="Comment" owner="BuiltIn">
<arg>${result} =</arg>
<arg>Get Text</arg>
<arg>${Error_Message_Login}</arg>
<doc>Displays the given messages in the log file as keyword arguments.</doc>
<status status="PASS" start="2025-07-14T10:10:21.140715" elapsed="0.000484"/>
</kw>
<kw name="Comment" owner="BuiltIn">
<arg>Should Be Equal As Strings</arg>
<arg>${result}</arg>
<arg>Incorrect username/password.</arg>
<doc>Displays the given messages in the log file as keyword arguments.</doc>
<status status="PASS" start="2025-07-14T10:10:21.141579" elapsed="0.000381"/>
</kw>
<kw name="Element Text Should Be" owner="SeleniumLibrary">
<msg time="2025-07-14T10:10:21.143095" level="INFO">Verifying element 'css:div[class='alert alert-danger col-md-12']' contains exact text 'Incorrect username/password.'.</msg>
<arg>${Error_Message_Login}</arg>
<arg>Incorrect username/password.</arg>
<doc>Verifies that element ``locator`` contains exact the text ``expected``.</doc>
<status status="PASS" start="2025-07-14T10:10:21.142522" elapsed="0.049061"/>
</kw>
<status status="PASS" start="2025-07-14T10:10:21.136092" elapsed="0.055755"/>
</kw>
<arg>username=!%&amp;</arg>
<arg>password=!@}})</arg>
<status status="PASS" start="2025-07-14T10:10:18.611414" elapsed="2.580618"/>
</kw>
<kw name="Close Browser" owner="SeleniumLibrary" type="TEARDOWN">
<doc>Closes the current browser.</doc>
<status status="PASS" start="2025-07-14T10:10:21.192526" elapsed="2.296540"/>
</kw>
<status status="PASS" start="2025-07-14T10:10:16.564769" elapsed="6.924582"/>
</test>
<test id="s1-s1-t5" name="Numbers" line="15">
<kw name="open the browser with mortgage payment url" owner="Generic" type="SETUP">
<kw name="Open Browser" owner="SeleniumLibrary">
<msg time="2025-07-14T10:10:23.495101" level="INFO">Opening browser 'chrome' to base url 'https://rahulshettyacademy.com/loginpagePractise/'.</msg>
<arg>${URL}</arg>
<arg>chrome</arg>
<arg>options=add_experimental_option("detach", True)</arg>
<doc>Opens a new browser instance to the optional ``url``.</doc>
<status status="PASS" start="2025-07-14T10:10:23.494355" elapsed="1.644811"/>
</kw>
<kw name="Maximize Browser Window" owner="SeleniumLibrary">
<doc>Maximizes current browser window.</doc>
<status status="PASS" start="2025-07-14T10:10:25.139468" elapsed="0.059074"/>
</kw>
<status status="PASS" start="2025-07-14T10:10:23.493338" elapsed="1.705440"/>
</kw>
<kw name="Validate UnSuccessful Login">
<kw name="Fill the login form">
<kw name="Input Text" owner="SeleniumLibrary">
<msg time="2025-07-14T10:10:25.202691" level="INFO">Typing text '12345' into text field 'id:username'.</msg>
<arg>id:username</arg>
<arg>${username}</arg>
<arg>Clear Element Text</arg>
<doc>Types the given ``text`` into the text field identified by ``locator``.</doc>
<status status="PASS" start="2025-07-14T10:10:25.200872" elapsed="0.211097"/>
</kw>
<kw name="Input Password" owner="SeleniumLibrary">
<msg time="2025-07-14T10:10:25.413050" level="INFO">Typing password into text field 'id:password'.</msg>
<msg time="2025-07-14T10:10:25.474902" level="INFO">Temporally setting log level to: NONE</msg>
<arg>id:password</arg>
<arg>${password}</arg>
<arg>Clear Element Text</arg>
<doc>Types the given password into the text field identified by ``locator``.</doc>
<status status="PASS" start="2025-07-14T10:10:25.412410" elapsed="0.123773"/>
</kw>
<kw name="Click Button" owner="SeleniumLibrary">
<msg time="2025-07-14T10:10:25.536861" level="INFO">Clicking button 'id:signInBtn'.</msg>
<arg>id:signInBtn</arg>
<doc>Clicks the button identified by ``locator``.</doc>
<status status="PASS" start="2025-07-14T10:10:25.536457" elapsed="0.077314"/>
</kw>
<arg>${username}</arg>
<arg>${password}</arg>
<status status="PASS" start="2025-07-14T10:10:25.200039" elapsed="0.414120"/>
</kw>
<kw name="wait until it checks and displays error message">
<kw name="Wait Until Element Is Visible" owner="SeleniumLibrary">
<arg>${Error_Message_Login}</arg>
<doc>Waits until the element ``locator`` is visible.</doc>
<status status="PASS" start="2025-07-14T10:10:25.616796" elapsed="2.094890"/>
</kw>
<status status="PASS" start="2025-07-14T10:10:25.615457" elapsed="2.096358"/>
</kw>
<kw name="verify the error message is correct">
<kw name="Comment" owner="BuiltIn">
<arg>${result} =</arg>
<arg>Get Text</arg>
<arg>${Error_Message_Login}</arg>
<doc>Displays the given messages in the log file as keyword arguments.</doc>
<status status="PASS" start="2025-07-14T10:10:27.712331" elapsed="0.000131"/>
</kw>
<kw name="Comment" owner="BuiltIn">
<arg>Should Be Equal As Strings</arg>
<arg>${result}</arg>
<arg>Incorrect username/password.</arg>
<doc>Displays the given messages in the log file as keyword arguments.</doc>
<status status="PASS" start="2025-07-14T10:10:27.712591" elapsed="0.000117"/>
</kw>
<kw name="Element Text Should Be" owner="SeleniumLibrary">
<msg time="2025-07-14T10:10:27.713237" level="INFO">Verifying element 'css:div[class='alert alert-danger col-md-12']' contains exact text 'Incorrect username/password.'.</msg>
<arg>${Error_Message_Login}</arg>
<arg>Incorrect username/password.</arg>
<doc>Verifies that element ``locator`` contains exact the text ``expected``.</doc>
<status status="PASS" start="2025-07-14T10:10:27.712859" elapsed="0.023348"/>
</kw>
<status status="PASS" start="2025-07-14T10:10:27.711984" elapsed="0.024354"/>
</kw>
<arg>username=12345</arg>
<arg>password=6543</arg>
<status status="PASS" start="2025-07-14T10:10:25.199158" elapsed="2.537264"/>
</kw>
<kw name="Close Browser" owner="SeleniumLibrary" type="TEARDOWN">
<doc>Closes the current browser.</doc>
<status status="PASS" start="2025-07-14T10:10:27.736670" elapsed="2.171158"/>
</kw>
<status status="PASS" start="2025-07-14T10:10:23.490243" elapsed="6.418005"/>
</test>
<test id="s1-s1-t6" name="Login with username abcd and password 1000" line="15">
<kw name="open the browser with mortgage payment url" owner="Generic" type="SETUP">
<kw name="Open Browser" owner="SeleniumLibrary">
<msg time="2025-07-14T10:10:29.917867" level="INFO">Opening browser 'chrome' to base url 'https://rahulshettyacademy.com/loginpagePractise/'.</msg>
<arg>${URL}</arg>
<arg>chrome</arg>
<arg>options=add_experimental_option("detach", True)</arg>
<doc>Opens a new browser instance to the optional ``url``.</doc>
<status status="PASS" start="2025-07-14T10:10:29.916665" elapsed="1.356004"/>
</kw>
<kw name="Maximize Browser Window" owner="SeleniumLibrary">
<doc>Maximizes current browser window.</doc>
<status status="PASS" start="2025-07-14T10:10:31.273052" elapsed="3.866416"/>
</kw>
<status status="PASS" start="2025-07-14T10:10:29.915062" elapsed="5.224607"/>
</kw>
<kw name="Validate UnSuccessful Login">
<kw name="Fill the login form">
<kw name="Input Text" owner="SeleniumLibrary">
<msg time="2025-07-14T10:10:35.141280" level="INFO">Typing text 'abcd' into text field 'id:username'.</msg>
<arg>id:username</arg>
<arg>${username}</arg>
<arg>Clear Element Text</arg>
<doc>Types the given ``text`` into the text field identified by ``locator``.</doc>
<status status="PASS" start="2025-07-14T10:10:35.141019" elapsed="0.105359"/>
</kw>
<kw name="Input Password" owner="SeleniumLibrary">
<msg time="2025-07-14T10:10:35.248807" level="INFO">Typing password into text field 'id:password'.</msg>
<msg time="2025-07-14T10:10:35.281954" level="INFO">Temporally setting log level to: NONE</msg>
<arg>id:password</arg>
<arg>${password}</arg>
<arg>Clear Element Text</arg>
<doc>Types the given password into the text field identified by ``locator``.</doc>
<status status="PASS" start="2025-07-14T10:10:35.247379" elapsed="0.074544"/>
</kw>
<kw name="Click Button" owner="SeleniumLibrary">
<msg time="2025-07-14T10:10:35.322458" level="INFO">Clicking button 'id:signInBtn'.</msg>
<arg>id:signInBtn</arg>
<doc>Clicks the button identified by ``locator``.</doc>
<status status="PASS" start="2025-07-14T10:10:35.322162" elapsed="0.069029"/>
</kw>
<arg>${username}</arg>
<arg>${password}</arg>
<status status="PASS" start="2025-07-14T10:10:35.140585" elapsed="0.250778"/>
</kw>
<kw name="wait until it checks and displays error message">
<kw name="Wait Until Element Is Visible" owner="SeleniumLibrary">
<arg>${Error_Message_Login}</arg>
<doc>Waits until the element ``locator`` is visible.</doc>
<status status="PASS" start="2025-07-14T10:10:35.391990" elapsed="2.131958"/>
</kw>
<status status="PASS" start="2025-07-14T10:10:35.391569" elapsed="2.132520"/>
</kw>
<kw name="verify the error message is correct">
<kw name="Comment" owner="BuiltIn">
<arg>${result} =</arg>
<arg>Get Text</arg>
<arg>${Error_Message_Login}</arg>
<doc>Displays the given messages in the log file as keyword arguments.</doc>
<status status="PASS" start="2025-07-14T10:10:37.524759" elapsed="0.000139"/>
</kw>
<kw name="Comment" owner="BuiltIn">
<arg>Should Be Equal As Strings</arg>
<arg>${result}</arg>
<arg>Incorrect username/password.</arg>
<doc>Displays the given messages in the log file as keyword arguments.</doc>
<status status="PASS" start="2025-07-14T10:10:37.525035" elapsed="0.000133"/>
</kw>
<kw name="Element Text Should Be" owner="SeleniumLibrary">
<msg time="2025-07-14T10:10:37.525747" level="INFO">Verifying element 'css:div[class='alert alert-danger col-md-12']' contains exact text 'Incorrect username/password.'.</msg>
<arg>${Error_Message_Login}</arg>
<arg>Incorrect username/password.</arg>
<doc>Verifies that element ``locator`` contains exact the text ``expected``.</doc>
<status status="PASS" start="2025-07-14T10:10:37.525322" elapsed="0.023952"/>
</kw>
<status status="PASS" start="2025-07-14T10:10:37.524399" elapsed="0.025004"/>
</kw>
<arg>username=abcd</arg>
<arg>password=1000</arg>
<status status="PASS" start="2025-07-14T10:10:35.139969" elapsed="2.409511"/>
</kw>
<kw name="Close Browser" owner="SeleniumLibrary" type="TEARDOWN">
<doc>Closes the current browser.</doc>
<status status="PASS" start="2025-07-14T10:10:37.549707" elapsed="2.205839"/>
</kw>
<status status="PASS" start="2025-07-14T10:10:29.909639" elapsed="9.846094"/>
</test>
<doc>To Validate the Login Page</doc>
<status status="PASS" start="2025-07-14T10:09:28.690704" elapsed="71.065697"/>
</suite>
<status status="PASS" start="2025-07-14T10:09:28.662151" elapsed="71.095311"/>
</suite>
<statistics>
<total>
<stat pass="6" fail="0" skip="0">All Tests</stat>
</total>
<tag>
</tag>
<suite>
<stat name="Tests" id="s1" pass="6" fail="0" skip="0">Tests</stat>
<stat name="testDemo5" id="s1-s1" pass="6" fail="0" skip="0">Tests.testDemo5</stat>
</suite>
</statistics>
<errors>
</errors>
</robot>
