<?xml version="1.0" encoding="UTF-8"?>
<robot generator="Robot 7.3 (Python 3.13.2 on win32)" generated="2025-07-14T10:09:28.653068" rpa="false" schemaversion="5">
<suite id="s1" name="Tests" source="C:\Users\varun\PycharmProjects\RobotFramework\tests">
<suite id="s1-s1" name="testDemo1" source="C:\Users\varun\PycharmProjects\RobotFramework\tests\testDemo1.robot">
<test id="s1-s1-t1" name="Validate UnSuccessful Login" line="16">
<kw name="open the browser with mortgage payment url">
<kw name="Create Webdriver" owner="SeleniumLibrary">
<msg time="2025-07-14T10:09:29.140217" level="INFO">Creating an instance of the Chrome WebDriver.</msg>
<arg>Chrome</arg>
<doc>Creates an instance of Selenium WebDriver.</doc>
<status status="PASS" start="2025-07-14T10:09:29.139870" elapsed="3.843882"/>
</kw>
<kw name="Go To" owner="SeleniumLibrary">
<msg time="2025-07-14T10:09:32.984427" level="INFO">Opening url 'https://rahulshettyacademy.com/loginpagePractise/'</msg>
<arg>https://rahulshettyacademy.com/loginpagePractise/</arg>
<doc>Navigates the current browser window to the provided ``url``.</doc>
<status status="PASS" start="2025-07-14T10:09:32.984091" elapsed="3.112491"/>
</kw>
<status status="PASS" start="2025-07-14T10:09:29.138631" elapsed="6.958348"/>
</kw>
<kw name="Fill the login form">
<kw name="Input Text" owner="SeleniumLibrary">
<msg time="2025-07-14T10:09:36.099796" level="INFO">Typing text 'varunpaladugula' into text field 'id:username'.</msg>
<arg>id:username</arg>
<arg>varunpaladugula</arg>
<arg>Clear Element Text</arg>
<doc>Types the given ``text`` into the text field identified by ``locator``.</doc>
<status status="PASS" start="2025-07-14T10:09:36.098305" elapsed="4.171961"/>
</kw>
<kw name="Input Password" owner="SeleniumLibrary">
<msg time="2025-07-14T10:09:40.271274" level="INFO">Typing password into text field 'id:password'.</msg>
<msg time="2025-07-14T10:09:40.912438" level="INFO">Temporally setting log level to: NONE</msg>
<arg>id:password</arg>
<arg>12345678</arg>
<arg>Clear Element Text</arg>
<doc>Types the given password into the text field identified by ``locator``.</doc>
<status status="PASS" start="2025-07-14T10:09:40.270649" elapsed="2.450090"/>
</kw>
<kw name="Click Button" owner="SeleniumLibrary">
<msg time="2025-07-14T10:09:42.725277" level="INFO">Clicking button 'id:signInBtn'.</msg>
<arg>id:signInBtn</arg>
<doc>Clicks the button identified by ``locator``.</doc>
<status status="PASS" start="2025-07-14T10:09:42.721361" elapsed="1.588818"/>
</kw>
<status status="PASS" start="2025-07-14T10:09:36.097441" elapsed="8.213095"/>
</kw>
<kw name="wait until it checks and displays error message">
<kw name="Wait Until Element Is Visible" owner="SeleniumLibrary">
<arg>${Error_Message_Login}</arg>
<doc>Waits until the element ``locator`` is visible.</doc>
<status status="PASS" start="2025-07-14T10:09:44.311872" elapsed="3.416377"/>
</kw>
<status status="PASS" start="2025-07-14T10:09:44.311065" elapsed="3.417431"/>
</kw>
<kw name="verify the error message is correct">
<kw name="Comment" owner="BuiltIn">
<arg>${result} =</arg>
<arg>Get Text</arg>
<arg>${Error_Message_Login}</arg>
<doc>Displays the given messages in the log file as keyword arguments.</doc>
<status status="PASS" start="2025-07-14T10:09:47.729401" elapsed="0.000308"/>
</kw>
<kw name="Comment" owner="BuiltIn">
<arg>Should Be Equal As Strings</arg>
<arg>${result}</arg>
<arg>Incorrect username/password.</arg>
<doc>Displays the given messages in the log file as keyword arguments.</doc>
<status status="PASS" start="2025-07-14T10:09:47.738500" elapsed="0.000501"/>
</kw>
<kw name="Element Text Should Be" owner="SeleniumLibrary">
<msg time="2025-07-14T10:09:47.739942" level="INFO">Verifying element 'css:div[class="alert alert-danger col-md-12"]' contains exact text 'Incorrect username/password.'.</msg>
<msg time="2025-07-14T10:09:50.068536" level="INFO" html="true">&lt;/td&gt;&lt;/tr&gt;&lt;tr&gt;&lt;td colspan="3"&gt;&lt;a href="selenium-screenshot-1.png"&gt;&lt;img src="selenium-screenshot-1.png" width="800px"&gt;&lt;/a&gt;</msg>
<msg time="2025-07-14T10:09:50.068990" level="FAIL">The text of element 'css:div[class="alert alert-danger col-md-12"]' should have been 'Incorrect username/password.' but it was ''.</msg>
<arg>${Error_Message_Login}</arg>
<arg>Incorrect username/password.</arg>
<doc>Verifies that element ``locator`` contains exact the text ``expected``.</doc>
<status status="FAIL" start="2025-07-14T10:09:47.739341" elapsed="2.348615">The text of element 'css:div[class="alert alert-danger col-md-12"]' should have been 'Incorrect username/password.' but it was ''.</status>
</kw>
<status status="FAIL" start="2025-07-14T10:09:47.728825" elapsed="2.359724">The text of element 'css:div[class="alert alert-danger col-md-12"]' should have been 'Incorrect username/password.' but it was ''.</status>
</kw>
<kw name="Close Browser" owner="SeleniumLibrary" type="TEARDOWN">
<doc>Closes the current browser.</doc>
<status status="PASS" start="2025-07-14T10:09:50.089173" elapsed="6.988111"/>
</kw>
<status status="FAIL" start="2025-07-14T10:09:29.137159" elapsed="27.940335">The text of element 'css:div[class="alert alert-danger col-md-12"]' should have been 'Incorrect username/password.' but it was ''.</status>
</test>
<doc>To Validate the Login Page</doc>
<status status="FAIL" start="2025-07-14T10:09:28.710782" elapsed="28.370342"/>
</suite>
<status status="FAIL" start="2025-07-14T10:09:28.683970" elapsed="28.399028"/>
</suite>
<statistics>
<total>
<stat pass="0" fail="1" skip="0">All Tests</stat>
</total>
<tag>
</tag>
<suite>
<stat name="Tests" id="s1" pass="0" fail="1" skip="0">Tests</stat>
<stat name="testDemo1" id="s1-s1" pass="0" fail="1" skip="0">Tests.testDemo1</stat>
</suite>
</statistics>
<errors>
</errors>
</robot>
