<?xml version="1.0" encoding="UTF-8"?>
<robot generator="Robot 7.3 (Python 3.13.2 on win32)" generated="2025-07-14T10:09:28.652084" rpa="false" schemaversion="5">
<suite id="s1" name="Tests" source="C:\Users\varun\PycharmProjects\RobotFramework\tests">
<suite id="s1-s1" name="testDemo4" source="C:\Users\varun\PycharmProjects\RobotFramework\tests\testDemo4.robot">
<test id="s1-s1-t1" name="Valid UN and Invalid PWD" line="16">
<kw name="open the browser with mortgage payment url" owner="Generic" type="SETUP">
<kw name="Open Browser" owner="SeleniumLibrary">
<msg time="2025-07-14T10:09:29.166729" level="INFO">Opening browser 'chrome' to base url 'https://rahulshettyacademy.com/loginpagePractise/'.</msg>
<arg>${URL}</arg>
<arg>chrome</arg>
<arg>options=add_experimental_option("detach", True)</arg>
<doc>Opens a new browser instance to the optional ``url``.</doc>
<status status="PASS" start="2025-07-14T10:09:29.166128" elapsed="9.010761"/>
</kw>
<kw name="Maximize Browser Window" owner="SeleniumLibrary">
<doc>Maximizes current browser window.</doc>
<status status="PASS" start="2025-07-14T10:09:38.177704" elapsed="7.399926"/>
</kw>
<status status="PASS" start="2025-07-14T10:09:29.164606" elapsed="16.413297"/>
</kw>
<kw name="Validate UnSuccessful Login">
<kw name="Fill the login form">
<kw name="Input Text" owner="SeleniumLibrary">
<msg time="2025-07-14T10:09:45.586165" level="INFO">Typing text 'rahulshettyacademy' into text field 'id:username'.</msg>
<arg>id:username</arg>
<arg>${username}</arg>
<arg>Clear Element Text</arg>
<doc>Types the given ``text`` into the text field identified by ``locator``.</doc>
<status status="PASS" start="2025-07-14T10:09:45.584791" elapsed="3.607264"/>
</kw>
<kw name="Input Password" owner="SeleniumLibrary">
<msg time="2025-07-14T10:09:49.193220" level="INFO">Typing password into text field 'id:password'.</msg>
<msg time="2025-07-14T10:09:50.158155" level="INFO">Temporally setting log level to: NONE</msg>
<arg>id:password</arg>
<arg>${password}</arg>
<arg>Clear Element Text</arg>
<doc>Types the given password into the text field identified by ``locator``.</doc>
<status status="PASS" start="2025-07-14T10:09:49.192539" elapsed="1.221799"/>
</kw>
<kw name="Click Button" owner="SeleniumLibrary">
<msg time="2025-07-14T10:09:50.419358" level="INFO">Clicking button 'id:signInBtn'.</msg>
<arg>id:signInBtn</arg>
<doc>Clicks the button identified by ``locator``.</doc>
<status status="PASS" start="2025-07-14T10:09:50.416023" elapsed="0.426165"/>
</kw>
<arg>${username}</arg>
<arg>${password}</arg>
<status status="PASS" start="2025-07-14T10:09:45.580484" elapsed="5.262589"/>
</kw>
<kw name="wait until it checks and displays error message">
<kw name="Wait Until Element Is Visible" owner="SeleniumLibrary">
<arg>${Error_Message_Login}</arg>
<doc>Waits until the element ``locator`` is visible.</doc>
<status status="PASS" start="2025-07-14T10:09:50.860327" elapsed="2.055605"/>
</kw>
<status status="PASS" start="2025-07-14T10:09:50.854399" elapsed="2.061845"/>
</kw>
<kw name="verify the error message is correct">
<kw name="Comment" owner="BuiltIn">
<arg>${result} =</arg>
<arg>Get Text</arg>
<arg>${Error_Message_Login}</arg>
<doc>Displays the given messages in the log file as keyword arguments.</doc>
<status status="PASS" start="2025-07-14T10:09:52.917182" elapsed="0.000319"/>
</kw>
<kw name="Comment" owner="BuiltIn">
<arg>Should Be Equal As Strings</arg>
<arg>${result}</arg>
<arg>Incorrect username/password.</arg>
<doc>Displays the given messages in the log file as keyword arguments.</doc>
<status status="PASS" start="2025-07-14T10:09:52.917781" elapsed="0.000222"/>
</kw>
<kw name="Element Text Should Be" owner="SeleniumLibrary">
<msg time="2025-07-14T10:09:52.918785" level="INFO">Verifying element 'css:div[class='alert alert-danger col-md-12']' contains exact text 'Incorrect username/password.'.</msg>
<arg>${Error_Message_Login}</arg>
<arg>Incorrect username/password.</arg>
<doc>Verifies that element ``locator`` contains exact the text ``expected``.</doc>
<status status="PASS" start="2025-07-14T10:09:52.918294" elapsed="0.123474"/>
</kw>
<status status="PASS" start="2025-07-14T10:09:52.916576" elapsed="0.125420"/>
</kw>
<arg>rahulshettyacademy</arg>
<arg>learn</arg>
<status status="PASS" start="2025-07-14T10:09:45.578866" elapsed="7.463282"/>
</kw>
<kw name="Close Browser" owner="SeleniumLibrary" type="TEARDOWN">
<doc>Closes the current browser.</doc>
<status status="PASS" start="2025-07-14T10:09:53.042531" elapsed="2.491769"/>
</kw>
<status status="PASS" start="2025-07-14T10:09:29.163334" elapsed="26.371111"/>
</test>
<test id="s1-s1-t2" name="Invalid UN and Valid PWD" line="17">
<kw name="open the browser with mortgage payment url" owner="Generic" type="SETUP">
<kw name="Open Browser" owner="SeleniumLibrary">
<msg time="2025-07-14T10:09:55.536832" level="INFO">Opening browser 'chrome' to base url 'https://rahulshettyacademy.com/loginpagePractise/'.</msg>
<arg>${URL}</arg>
<arg>chrome</arg>
<arg>options=add_experimental_option("detach", True)</arg>
<doc>Opens a new browser instance to the optional ``url``.</doc>
<status status="PASS" start="2025-07-14T10:09:55.536516" elapsed="6.834336"/>
</kw>
<kw name="Maximize Browser Window" owner="SeleniumLibrary">
<doc>Maximizes current browser window.</doc>
<status status="PASS" start="2025-07-14T10:10:02.371233" elapsed="0.064405"/>
</kw>
<status status="PASS" start="2025-07-14T10:09:55.536156" elapsed="6.899663"/>
</kw>
<kw name="Validate UnSuccessful Login">
<kw name="Fill the login form">
<kw name="Input Text" owner="SeleniumLibrary">
<msg time="2025-07-14T10:10:02.438089" level="INFO">Typing text 'rahul' into text field 'id:username'.</msg>
<arg>id:username</arg>
<arg>${username}</arg>
<arg>Clear Element Text</arg>
<doc>Types the given ``text`` into the text field identified by ``locator``.</doc>
<status status="PASS" start="2025-07-14T10:10:02.437492" elapsed="0.217074"/>
</kw>
<kw name="Input Password" owner="SeleniumLibrary">
<msg time="2025-07-14T10:10:02.655743" level="INFO">Typing password into text field 'id:password'.</msg>
<msg time="2025-07-14T10:10:02.722973" level="INFO">Temporally setting log level to: NONE</msg>
<arg>id:password</arg>
<arg>${password}</arg>
<arg>Clear Element Text</arg>
<doc>Types the given password into the text field identified by ``locator``.</doc>
<status status="PASS" start="2025-07-14T10:10:02.654908" elapsed="0.128273"/>
</kw>
<kw name="Click Button" owner="SeleniumLibrary">
<msg time="2025-07-14T10:10:02.783754" level="INFO">Clicking button 'id:signInBtn'.</msg>
<arg>id:signInBtn</arg>
<doc>Clicks the button identified by ``locator``.</doc>
<status status="PASS" start="2025-07-14T10:10:02.783446" elapsed="0.138330"/>
</kw>
<arg>${username}</arg>
<arg>${password}</arg>
<status status="PASS" start="2025-07-14T10:10:02.436766" elapsed="0.485215"/>
</kw>
<kw name="wait until it checks and displays error message">
<kw name="Wait Until Element Is Visible" owner="SeleniumLibrary">
<arg>${Error_Message_Login}</arg>
<doc>Waits until the element ``locator`` is visible.</doc>
<status status="PASS" start="2025-07-14T10:10:02.922847" elapsed="2.129644"/>
</kw>
<status status="PASS" start="2025-07-14T10:10:02.922200" elapsed="2.130633"/>
</kw>
<kw name="verify the error message is correct">
<kw name="Comment" owner="BuiltIn">
<arg>${result} =</arg>
<arg>Get Text</arg>
<arg>${Error_Message_Login}</arg>
<doc>Displays the given messages in the log file as keyword arguments.</doc>
<status status="PASS" start="2025-07-14T10:10:05.053967" elapsed="0.000368"/>
</kw>
<kw name="Comment" owner="BuiltIn">
<arg>Should Be Equal As Strings</arg>
<arg>${result}</arg>
<arg>Incorrect username/password.</arg>
<doc>Displays the given messages in the log file as keyword arguments.</doc>
<status status="PASS" start="2025-07-14T10:10:05.054653" elapsed="0.000343"/>
</kw>
<kw name="Element Text Should Be" owner="SeleniumLibrary">
<msg time="2025-07-14T10:10:05.058355" level="INFO">Verifying element 'css:div[class='alert alert-danger col-md-12']' contains exact text 'Incorrect username/password.'.</msg>
<arg>${Error_Message_Login}</arg>
<arg>Incorrect username/password.</arg>
<doc>Verifies that element ``locator`` contains exact the text ``expected``.</doc>
<status status="PASS" start="2025-07-14T10:10:05.055677" elapsed="0.084733"/>
</kw>
<status status="PASS" start="2025-07-14T10:10:05.053255" elapsed="0.087670"/>
</kw>
<arg>rahul</arg>
<arg>learning</arg>
<status status="PASS" start="2025-07-14T10:10:02.436115" elapsed="2.705454"/>
</kw>
<kw name="Close Browser" owner="SeleniumLibrary" type="TEARDOWN">
<doc>Closes the current browser.</doc>
<status status="PASS" start="2025-07-14T10:10:05.142188" elapsed="2.621488"/>
</kw>
<status status="PASS" start="2025-07-14T10:09:55.534926" elapsed="12.229016"/>
</test>
<test id="s1-s1-t3" name="Invalid UN and Invalid PWD" line="18">
<kw name="open the browser with mortgage payment url" owner="Generic" type="SETUP">
<kw name="Open Browser" owner="SeleniumLibrary">
<msg time="2025-07-14T10:10:07.766305" level="INFO">Opening browser 'chrome' to base url 'https://rahulshettyacademy.com/loginpagePractise/'.</msg>
<arg>${URL}</arg>
<arg>chrome</arg>
<arg>options=add_experimental_option("detach", True)</arg>
<doc>Opens a new browser instance to the optional ``url``.</doc>
<status status="PASS" start="2025-07-14T10:10:07.765961" elapsed="2.899816"/>
</kw>
<kw name="Maximize Browser Window" owner="SeleniumLibrary">
<doc>Maximizes current browser window.</doc>
<status status="PASS" start="2025-07-14T10:10:10.666240" elapsed="0.266409"/>
</kw>
<status status="PASS" start="2025-07-14T10:10:07.765390" elapsed="3.167506"/>
</kw>
<kw name="Validate UnSuccessful Login">
<kw name="Fill the login form">
<kw name="Input Text" owner="SeleniumLibrary">
<msg time="2025-07-14T10:10:10.936264" level="INFO">Typing text 'rahul' into text field 'id:username'.</msg>
<arg>id:username</arg>
<arg>${username}</arg>
<arg>Clear Element Text</arg>
<doc>Types the given ``text`` into the text field identified by ``locator``.</doc>
<status status="PASS" start="2025-07-14T10:10:10.935270" elapsed="0.333838"/>
</kw>
<kw name="Input Password" owner="SeleniumLibrary">
<msg time="2025-07-14T10:10:11.273949" level="INFO">Typing password into text field 'id:password'.</msg>
<msg time="2025-07-14T10:10:11.327905" level="INFO">Temporally setting log level to: NONE</msg>
<arg>id:password</arg>
<arg>${password}</arg>
<arg>Clear Element Text</arg>
<doc>Types the given password into the text field identified by ``locator``.</doc>
<status status="PASS" start="2025-07-14T10:10:11.272991" elapsed="0.112373"/>
</kw>
<kw name="Click Button" owner="SeleniumLibrary">
<msg time="2025-07-14T10:10:11.385963" level="INFO">Clicking button 'id:signInBtn'.</msg>
<arg>id:signInBtn</arg>
<doc>Clicks the button identified by ``locator``.</doc>
<status status="PASS" start="2025-07-14T10:10:11.385569" elapsed="0.124247"/>
</kw>
<arg>${username}</arg>
<arg>${password}</arg>
<status status="PASS" start="2025-07-14T10:10:10.934349" elapsed="0.575616"/>
</kw>
<kw name="wait until it checks and displays error message">
<kw name="Wait Until Element Is Visible" owner="SeleniumLibrary">
<arg>${Error_Message_Login}</arg>
<doc>Waits until the element ``locator`` is visible.</doc>
<status status="PASS" start="2025-07-14T10:10:11.510620" elapsed="2.022549"/>
</kw>
<status status="PASS" start="2025-07-14T10:10:11.510184" elapsed="2.023179"/>
</kw>
<kw name="verify the error message is correct">
<kw name="Comment" owner="BuiltIn">
<arg>${result} =</arg>
<arg>Get Text</arg>
<arg>${Error_Message_Login}</arg>
<doc>Displays the given messages in the log file as keyword arguments.</doc>
<status status="PASS" start="2025-07-14T10:10:13.534124" elapsed="0.000206"/>
</kw>
<kw name="Comment" owner="BuiltIn">
<arg>Should Be Equal As Strings</arg>
<arg>${result}</arg>
<arg>Incorrect username/password.</arg>
<doc>Displays the given messages in the log file as keyword arguments.</doc>
<status status="PASS" start="2025-07-14T10:10:13.534550" elapsed="0.000186"/>
</kw>
<kw name="Element Text Should Be" owner="SeleniumLibrary">
<msg time="2025-07-14T10:10:13.535394" level="INFO">Verifying element 'css:div[class='alert alert-danger col-md-12']' contains exact text 'Incorrect username/password.'.</msg>
<arg>${Error_Message_Login}</arg>
<arg>Incorrect username/password.</arg>
<doc>Verifies that element ``locator`` contains exact the text ``expected``.</doc>
<status status="PASS" start="2025-07-14T10:10:13.534984" elapsed="0.077981"/>
</kw>
<status status="PASS" start="2025-07-14T10:10:13.533636" elapsed="0.079687"/>
</kw>
<arg>rahul</arg>
<arg>learn</arg>
<status status="PASS" start="2025-07-14T10:10:10.933241" elapsed="2.680347"/>
</kw>
<kw name="Close Browser" owner="SeleniumLibrary" type="TEARDOWN">
<doc>Closes the current browser.</doc>
<status status="PASS" start="2025-07-14T10:10:13.613956" elapsed="2.222121"/>
</kw>
<status status="PASS" start="2025-07-14T10:10:07.764608" elapsed="8.071666"/>
</test>
<test id="s1-s1-t4" name="Special characters" line="19">
<kw name="open the browser with mortgage payment url" owner="Generic" type="SETUP">
<kw name="Open Browser" owner="SeleniumLibrary">
<msg time="2025-07-14T10:10:15.838409" level="INFO">Opening browser 'chrome' to base url 'https://rahulshettyacademy.com/loginpagePractise/'.</msg>
<arg>${URL}</arg>
<arg>chrome</arg>
<arg>options=add_experimental_option("detach", True)</arg>
<doc>Opens a new browser instance to the optional ``url``.</doc>
<status status="PASS" start="2025-07-14T10:10:15.837983" elapsed="1.558926"/>
</kw>
<kw name="Maximize Browser Window" owner="SeleniumLibrary">
<doc>Maximizes current browser window.</doc>
<status status="PASS" start="2025-07-14T10:10:17.397208" elapsed="0.052666"/>
</kw>
<status status="PASS" start="2025-07-14T10:10:15.837388" elapsed="1.612696"/>
</kw>
<kw name="Validate UnSuccessful Login">
<kw name="Fill the login form">
<kw name="Input Text" owner="SeleniumLibrary">
<msg time="2025-07-14T10:10:17.454933" level="INFO">Typing text '!%&amp;' into text field 'id:username'.</msg>
<arg>id:username</arg>
<arg>${username}</arg>
<arg>Clear Element Text</arg>
<doc>Types the given ``text`` into the text field identified by ``locator``.</doc>
<status status="PASS" start="2025-07-14T10:10:17.454300" elapsed="0.534207"/>
</kw>
<kw name="Input Password" owner="SeleniumLibrary">
<msg time="2025-07-14T10:10:17.994651" level="INFO">Typing password into text field 'id:password'.</msg>
<msg time="2025-07-14T10:10:18.179062" level="INFO">Temporally setting log level to: NONE</msg>
<arg>id:password</arg>
<arg>${password}</arg>
<arg>Clear Element Text</arg>
<doc>Types the given password into the text field identified by ``locator``.</doc>
<status status="PASS" start="2025-07-14T10:10:17.989338" elapsed="0.329422"/>
</kw>
<kw name="Click Button" owner="SeleniumLibrary">
<msg time="2025-07-14T10:10:18.320377" level="INFO">Clicking button 'id:signInBtn'.</msg>
<arg>id:signInBtn</arg>
<doc>Clicks the button identified by ``locator``.</doc>
<status status="PASS" start="2025-07-14T10:10:18.319558" elapsed="0.343993"/>
</kw>
<arg>${username}</arg>
<arg>${password}</arg>
<status status="PASS" start="2025-07-14T10:10:17.453398" elapsed="1.210414"/>
</kw>
<kw name="wait until it checks and displays error message">
<kw name="Wait Until Element Is Visible" owner="SeleniumLibrary">
<arg>${Error_Message_Login}</arg>
<doc>Waits until the element ``locator`` is visible.</doc>
<status status="PASS" start="2025-07-14T10:10:18.664771" elapsed="2.099298"/>
</kw>
<status status="PASS" start="2025-07-14T10:10:18.664125" elapsed="2.100068"/>
</kw>
<kw name="verify the error message is correct">
<kw name="Comment" owner="BuiltIn">
<arg>${result} =</arg>
<arg>Get Text</arg>
<arg>${Error_Message_Login}</arg>
<doc>Displays the given messages in the log file as keyword arguments.</doc>
<status status="PASS" start="2025-07-14T10:10:20.764813" elapsed="0.000157"/>
</kw>
<kw name="Comment" owner="BuiltIn">
<arg>Should Be Equal As Strings</arg>
<arg>${result}</arg>
<arg>Incorrect username/password.</arg>
<doc>Displays the given messages in the log file as keyword arguments.</doc>
<status status="PASS" start="2025-07-14T10:10:20.765109" elapsed="0.000125"/>
</kw>
<kw name="Element Text Should Be" owner="SeleniumLibrary">
<msg time="2025-07-14T10:10:20.765762" level="INFO">Verifying element 'css:div[class='alert alert-danger col-md-12']' contains exact text 'Incorrect username/password.'.</msg>
<arg>${Error_Message_Login}</arg>
<arg>Incorrect username/password.</arg>
<doc>Verifies that element ``locator`` contains exact the text ``expected``.</doc>
<status status="PASS" start="2025-07-14T10:10:20.765476" elapsed="0.022614"/>
</kw>
<status status="PASS" start="2025-07-14T10:10:20.764443" elapsed="0.023856"/>
</kw>
<arg>!%&amp;</arg>
<arg>!@}})</arg>
<status status="PASS" start="2025-07-14T10:10:17.450419" elapsed="3.338001"/>
</kw>
<kw name="Close Browser" owner="SeleniumLibrary" type="TEARDOWN">
<doc>Closes the current browser.</doc>
<status status="PASS" start="2025-07-14T10:10:20.788744" elapsed="2.204774"/>
</kw>
<status status="PASS" start="2025-07-14T10:10:15.836785" elapsed="7.157228"/>
</test>
<test id="s1-s1-t5" name="Numbers" line="20">
<kw name="open the browser with mortgage payment url" owner="Generic" type="SETUP">
<kw name="Open Browser" owner="SeleniumLibrary">
<msg time="2025-07-14T10:10:22.998511" level="INFO">Opening browser 'chrome' to base url 'https://rahulshettyacademy.com/loginpagePractise/'.</msg>
<arg>${URL}</arg>
<arg>chrome</arg>
<arg>options=add_experimental_option("detach", True)</arg>
<doc>Opens a new browser instance to the optional ``url``.</doc>
<status status="PASS" start="2025-07-14T10:10:22.997579" elapsed="6.055074"/>
</kw>
<kw name="Maximize Browser Window" owner="SeleniumLibrary">
<doc>Maximizes current browser window.</doc>
<status status="PASS" start="2025-07-14T10:10:29.052889" elapsed="0.028848"/>
</kw>
<status status="PASS" start="2025-07-14T10:10:22.996429" elapsed="6.085537"/>
</kw>
<kw name="Validate UnSuccessful Login">
<kw name="Fill the login form">
<kw name="Input Text" owner="SeleniumLibrary">
<msg time="2025-07-14T10:10:29.084500" level="INFO">Typing text '12345' into text field 'id:username'.</msg>
<arg>id:username</arg>
<arg>${username}</arg>
<arg>Clear Element Text</arg>
<doc>Types the given ``text`` into the text field identified by ``locator``.</doc>
<status status="PASS" start="2025-07-14T10:10:29.083937" elapsed="0.160159"/>
</kw>
<kw name="Input Password" owner="SeleniumLibrary">
<msg time="2025-07-14T10:10:29.244937" level="INFO">Typing password into text field 'id:password'.</msg>
<msg time="2025-07-14T10:10:29.297591" level="INFO">Temporally setting log level to: NONE</msg>
<arg>id:password</arg>
<arg>${password}</arg>
<arg>Clear Element Text</arg>
<doc>Types the given password into the text field identified by ``locator``.</doc>
<status status="PASS" start="2025-07-14T10:10:29.244519" elapsed="0.117879"/>
</kw>
<kw name="Click Button" owner="SeleniumLibrary">
<msg time="2025-07-14T10:10:29.362972" level="INFO">Clicking button 'id:signInBtn'.</msg>
<arg>id:signInBtn</arg>
<doc>Clicks the button identified by ``locator``.</doc>
<status status="PASS" start="2025-07-14T10:10:29.362629" elapsed="0.079360"/>
</kw>
<arg>${username}</arg>
<arg>${password}</arg>
<status status="PASS" start="2025-07-14T10:10:29.082862" elapsed="0.359261"/>
</kw>
<kw name="wait until it checks and displays error message">
<kw name="Wait Until Element Is Visible" owner="SeleniumLibrary">
<arg>${Error_Message_Login}</arg>
<doc>Waits until the element ``locator`` is visible.</doc>
<status status="PASS" start="2025-07-14T10:10:29.442785" elapsed="2.215755"/>
</kw>
<status status="PASS" start="2025-07-14T10:10:29.442373" elapsed="2.216325"/>
</kw>
<kw name="verify the error message is correct">
<kw name="Comment" owner="BuiltIn">
<arg>${result} =</arg>
<arg>Get Text</arg>
<arg>${Error_Message_Login}</arg>
<doc>Displays the given messages in the log file as keyword arguments.</doc>
<status status="PASS" start="2025-07-14T10:10:31.659232" elapsed="0.000162"/>
</kw>
<kw name="Comment" owner="BuiltIn">
<arg>Should Be Equal As Strings</arg>
<arg>${result}</arg>
<arg>Incorrect username/password.</arg>
<doc>Displays the given messages in the log file as keyword arguments.</doc>
<status status="PASS" start="2025-07-14T10:10:31.659530" elapsed="0.000144"/>
</kw>
<kw name="Element Text Should Be" owner="SeleniumLibrary">
<msg time="2025-07-14T10:10:31.660573" level="INFO">Verifying element 'css:div[class='alert alert-danger col-md-12']' contains exact text 'Incorrect username/password.'.</msg>
<arg>${Error_Message_Login}</arg>
<arg>Incorrect username/password.</arg>
<doc>Verifies that element ``locator`` contains exact the text ``expected``.</doc>
<status status="PASS" start="2025-07-14T10:10:31.659810" elapsed="0.028170"/>
</kw>
<status status="PASS" start="2025-07-14T10:10:31.658881" elapsed="0.029235"/>
</kw>
<arg>12345</arg>
<arg>6543</arg>
<status status="PASS" start="2025-07-14T10:10:29.082291" elapsed="2.605902"/>
</kw>
<kw name="Close Browser" owner="SeleniumLibrary" type="TEARDOWN">
<doc>Closes the current browser.</doc>
<status status="PASS" start="2025-07-14T10:10:31.688444" elapsed="2.223741"/>
</kw>
<status status="PASS" start="2025-07-14T10:10:22.995183" elapsed="10.917723"/>
</test>
<doc>To Validate the Login Page</doc>
<status status="PASS" start="2025-07-14T10:09:28.708381" elapsed="65.206959"/>
</suite>
<status status="PASS" start="2025-07-14T10:09:28.683944" elapsed="65.234569"/>
</suite>
<statistics>
<total>
<stat pass="5" fail="0" skip="0">All Tests</stat>
</total>
<tag>
</tag>
<suite>
<stat name="Tests" id="s1" pass="5" fail="0" skip="0">Tests</stat>
<stat name="testDemo4" id="s1-s1" pass="5" fail="0" skip="0">Tests.testDemo4</stat>
</suite>
</statistics>
<errors>
</errors>
</robot>
