<?xml version="1.0" encoding="UTF-8"?>
<robot generator="Robot 7.3 (Python 3.13.2 on win32)" generated="2025-07-14T10:09:28.699163" rpa="false" schemaversion="5">
<suite id="s1" name="Tests" source="C:\Users\varun\PycharmProjects\RobotFramework\tests">
<suite id="s1-s1" name="testDemo7" source="C:\Users\varun\PycharmProjects\RobotFramework\tests\testDemo7.robot">
<test id="s1-s1-t1" name="End to End Ecommerce Product Validation" line="27">
<kw name="open the browser with mortgage payment url" owner="Generic" type="SETUP">
<kw name="Open Browser" owner="SeleniumLibrary">
<msg time="2025-07-14T10:09:29.244994" level="INFO">Opening browser 'chrome' to base url 'https://rahulshettyacademy.com/loginpagePractise/'.</msg>
<arg>${URL}</arg>
<arg>chrome</arg>
<arg>options=add_experimental_option("detach", True)</arg>
<doc>Opens a new browser instance to the optional ``url``.</doc>
<status status="PASS" start="2025-07-14T10:09:29.244277" elapsed="9.834001"/>
</kw>
<kw name="Maximize Browser Window" owner="SeleniumLibrary">
<doc>Maximizes current browser window.</doc>
<status status="PASS" start="2025-07-14T10:09:39.078981" elapsed="1.049483"/>
</kw>
<status status="PASS" start="2025-07-14T10:09:29.242530" elapsed="10.886282"/>
</kw>
<kw name="Fill the login form" owner="LandingPage">
<kw name="Input Text" owner="SeleniumLibrary">
<msg time="2025-07-14T10:09:40.131831" level="INFO">Typing text 'rahulshettyacademy' into text field 'css:input[name='username']'.</msg>
<arg>css:input[name='username']</arg>
<arg>${username}</arg>
<arg>Clear Element Text</arg>
<doc>Types the given ``text`` into the text field identified by ``locator``.</doc>
<status status="PASS" start="2025-07-14T10:09:40.130830" elapsed="1.996263"/>
</kw>
<kw name="Input Password" owner="SeleniumLibrary">
<msg time="2025-07-14T10:09:42.128528" level="INFO">Typing password into text field 'css:input[name='password']'.</msg>
<msg time="2025-07-14T10:09:42.742550" level="INFO">Temporally setting log level to: NONE</msg>
<arg>css:input[name='password']</arg>
<arg>${password}</arg>
<arg>Clear Element Text</arg>
<doc>Types the given password into the text field identified by ``locator``.</doc>
<status status="PASS" start="2025-07-14T10:09:42.127818" elapsed="1.565618"/>
</kw>
<kw name="Click Button" owner="SeleniumLibrary">
<msg time="2025-07-14T10:09:43.694849" level="INFO">Clicking button 'id:signInBtn'.</msg>
<arg>id:signInBtn</arg>
<doc>Clicks the button identified by ``locator``.</doc>
<status status="PASS" start="2025-07-14T10:09:43.694062" elapsed="0.820353"/>
</kw>
<arg>${valid_user_name}</arg>
<arg>${valid_password}</arg>
<status status="PASS" start="2025-07-14T10:09:40.129665" elapsed="4.388462"/>
</kw>
<kw name="Sleep" owner="BuiltIn">
<msg time="2025-07-14T10:09:47.555853" level="INFO">Slept 3 seconds.</msg>
<arg>3s</arg>
<doc>Pauses the test executed for the given time.</doc>
<status status="PASS" start="2025-07-14T10:09:44.518745" elapsed="3.037446"/>
</kw>
<kw name="handle chrome password manager popup" owner="Generic">
<kw name="Run Keyword And Ignore Error" owner="BuiltIn">
<kw name="Wait Until Element Is Visible" owner="SeleniumLibrary">
<msg time="2025-07-14T10:09:53.181765" level="INFO" html="true">&lt;/td&gt;&lt;/tr&gt;&lt;tr&gt;&lt;td colspan="3"&gt;&lt;a href="selenium-screenshot-1.png"&gt;&lt;img src="selenium-screenshot-1.png" width="800px"&gt;&lt;/a&gt;</msg>
<msg time="2025-07-14T10:09:53.182156" level="FAIL">Element 'xpath=//button[text()='OK']' not visible after 3 seconds.</msg>
<arg>xpath=//button[text()='OK']</arg>
<arg>3s</arg>
<doc>Waits until the element ``locator`` is visible.</doc>
<status status="FAIL" start="2025-07-14T10:09:47.620035" elapsed="5.569361">Element 'xpath=//button[text()='OK']' not visible after 3 seconds.</status>
</kw>
<arg>Wait Until Element Is Visible</arg>
<arg>xpath=//button[text()='OK']</arg>
<arg>3s</arg>
<doc>Runs the given keyword with the given arguments and ignores possible error.</doc>
<status status="PASS" start="2025-07-14T10:09:47.590672" elapsed="5.599609"/>
</kw>
<kw name="Run Keyword And Ignore Error" owner="BuiltIn">
<kw name="Click Button" owner="SeleniumLibrary">
<msg time="2025-07-14T10:09:53.191687" level="INFO">Clicking button 'xpath=//button[text()='OK']'.</msg>
<msg time="2025-07-14T10:09:53.465526" level="INFO" html="true">&lt;/td&gt;&lt;/tr&gt;&lt;tr&gt;&lt;td colspan="3"&gt;&lt;a href="selenium-screenshot-2.png"&gt;&lt;img src="selenium-screenshot-2.png" width="800px"&gt;&lt;/a&gt;</msg>
<msg time="2025-07-14T10:09:53.465865" level="FAIL">Button with locator 'xpath=//button[text()='OK']' not found.</msg>
<arg>xpath=//button[text()='OK']</arg>
<doc>Clicks the button identified by ``locator``.</doc>
<status status="FAIL" start="2025-07-14T10:09:53.191192" elapsed="0.279002">Button with locator 'xpath=//button[text()='OK']' not found.</status>
</kw>
<arg>Click Button</arg>
<arg>xpath=//button[text()='OK']</arg>
<doc>Runs the given keyword with the given arguments and ignores possible error.</doc>
<status status="PASS" start="2025-07-14T10:09:53.190670" elapsed="0.279810"/>
</kw>
<doc>Handles Chrome 'Change Password' alert popup if present</doc>
<status status="PASS" start="2025-07-14T10:09:47.589980" elapsed="5.880712"/>
</kw>
<kw name="Sleep" owner="BuiltIn">
<msg time="2025-07-14T10:09:56.472048" level="INFO">Slept 3 seconds.</msg>
<arg>3s</arg>
<doc>Pauses the test executed for the given time.</doc>
<status status="PASS" start="2025-07-14T10:09:53.470975" elapsed="3.001275"/>
</kw>
<kw name="wait until element is loaded" owner="ShopPage">
<kw name="Wait until element passed is located on page" owner="Generic">
<kw name="Wait Until Element Is Visible" owner="SeleniumLibrary">
<arg>${Page_locator}</arg>
<doc>Waits until the element ``locator`` is visible.</doc>
<status status="PASS" start="2025-07-14T10:09:56.474057" elapsed="0.243534"/>
</kw>
<arg>${Shop_Page_Load}</arg>
<status status="PASS" start="2025-07-14T10:09:56.473384" elapsed="0.244993"/>
</kw>
<status status="PASS" start="2025-07-14T10:09:56.472710" elapsed="0.247481"/>
</kw>
<kw name="Verify the Card Titles in the Shop Page" owner="ShopPage">
<kw name="Create List" owner="BuiltIn">
<msg time="2025-07-14T10:09:56.723375" level="INFO">@{expectedList} = [ iphone X | Samsung Note 8 | Nokia Edge | Blackberry ]</msg>
<var>@{expectedList}</var>
<arg>iphone X</arg>
<arg>Samsung Note 8</arg>
<arg>Nokia Edge</arg>
<arg>Blackberry</arg>
<doc>Returns a list containing given items.</doc>
<status status="PASS" start="2025-07-14T10:09:56.722719" elapsed="0.000754"/>
</kw>
<kw name="Get WebElements" owner="SeleniumLibrary">
<msg time="2025-07-14T10:09:56.824074" level="INFO">@{elements} = [ &lt;selenium.webdriver.remote.webelement.WebElement (session="a944b01b8fd283db58f2b1bf3602ab9c", element="f.7269109555A7F7BB2A934058B77F601A.d.1074B8AF9196D8299CBFE0092F5749D2.e.290")&gt; | &lt;selenium.webd...</msg>
<var>@{elements}</var>
<arg>${Card_Titles}</arg>
<doc>Returns a list of WebElement objects matching the ``locator``.</doc>
<status status="PASS" start="2025-07-14T10:09:56.723852" elapsed="0.100367"/>
</kw>
<kw name="Create List" owner="BuiltIn">
<msg time="2025-07-14T10:09:56.824924" level="INFO">@{actualList} = [ ]</msg>
<var>@{actualList}</var>
<doc>Returns a list containing given items.</doc>
<status status="PASS" start="2025-07-14T10:09:56.824522" elapsed="0.000461"/>
</kw>
<for flavor="IN">
<iter>
<kw name="Log" owner="BuiltIn">
<msg time="2025-07-14T10:09:56.932611" level="INFO">iphone X</msg>
<arg>${element.text}</arg>
<doc>Logs the given message with the given level.</doc>
<status status="PASS" start="2025-07-14T10:09:56.825909" elapsed="0.106953"/>
</kw>
<kw name="Append To List" owner="Collections">
<arg>${actualList}</arg>
<arg>${element.text}</arg>
<doc>Adds ``values`` to the end of ``list``.</doc>
<status status="PASS" start="2025-07-14T10:09:56.933432" elapsed="0.219426"/>
</kw>
<var name="${element}">&lt;selenium.webdriver.remote.webelement.WebElement (session="a944b01b8fd283db58f2b1bf3602ab9c", element="f.7269109555A7F7BB2A934058B77F601A.d.1074B8AF9196D8299CBFE0092F5749D2.e.290")&gt;</var>
<status status="PASS" start="2025-07-14T10:09:56.825585" elapsed="0.327505"/>
</iter>
<iter>
<kw name="Log" owner="BuiltIn">
<msg time="2025-07-14T10:09:57.362841" level="INFO">Samsung Note 8</msg>
<arg>${element.text}</arg>
<doc>Logs the given message with the given level.</doc>
<status status="PASS" start="2025-07-14T10:09:57.154341" elapsed="0.208674"/>
</kw>
<kw name="Append To List" owner="Collections">
<arg>${actualList}</arg>
<arg>${element.text}</arg>
<doc>Adds ``values`` to the end of ``list``.</doc>
<status status="PASS" start="2025-07-14T10:09:57.363379" elapsed="0.035528"/>
</kw>
<var name="${element}">&lt;selenium.webdriver.remote.webelement.WebElement (session="a944b01b8fd283db58f2b1bf3602ab9c", element="f.7269109555A7F7BB2A934058B77F601A.d.1074B8AF9196D8299CBFE0092F5749D2.e.303")&gt;</var>
<status status="PASS" start="2025-07-14T10:09:57.153827" elapsed="0.246532"/>
</iter>
<iter>
<kw name="Log" owner="BuiltIn">
<msg time="2025-07-14T10:09:57.462465" level="INFO">Nokia Edge</msg>
<arg>${element.text}</arg>
<doc>Logs the given message with the given level.</doc>
<status status="PASS" start="2025-07-14T10:09:57.402082" elapsed="0.060892"/>
</kw>
<kw name="Append To List" owner="Collections">
<arg>${actualList}</arg>
<arg>${element.text}</arg>
<doc>Adds ``values`` to the end of ``list``.</doc>
<status status="PASS" start="2025-07-14T10:09:57.464288" elapsed="0.027503"/>
</kw>
<var name="${element}">&lt;selenium.webdriver.remote.webelement.WebElement (session="a944b01b8fd283db58f2b1bf3602ab9c", element="f.7269109555A7F7BB2A934058B77F601A.d.1074B8AF9196D8299CBFE0092F5749D2.e.316")&gt;</var>
<status status="PASS" start="2025-07-14T10:09:57.401571" elapsed="0.090419"/>
</iter>
<iter>
<kw name="Log" owner="BuiltIn">
<msg time="2025-07-14T10:09:57.521967" level="INFO">Blackberry</msg>
<arg>${element.text}</arg>
<doc>Logs the given message with the given level.</doc>
<status status="PASS" start="2025-07-14T10:09:57.497391" elapsed="0.024749"/>
</kw>
<kw name="Append To List" owner="Collections">
<arg>${actualList}</arg>
<arg>${element.text}</arg>
<doc>Adds ``values`` to the end of ``list``.</doc>
<status status="PASS" start="2025-07-14T10:09:57.522486" elapsed="0.099165"/>
</kw>
<var name="${element}">&lt;selenium.webdriver.remote.webelement.WebElement (session="a944b01b8fd283db58f2b1bf3602ab9c", element="f.7269109555A7F7BB2A934058B77F601A.d.1074B8AF9196D8299CBFE0092F5749D2.e.329")&gt;</var>
<status status="PASS" start="2025-07-14T10:09:57.492381" elapsed="0.129457"/>
</iter>
<var>${element}</var>
<value>@{elements}</value>
<status status="PASS" start="2025-07-14T10:09:56.825154" elapsed="0.796821"/>
</for>
<kw name="Evaluate" owner="BuiltIn">
<msg time="2025-07-14T10:09:57.623517" level="INFO">${areEqual} = True</msg>
<var>${areEqual}</var>
<arg>${expectedList}==${actualList}</arg>
<doc>Evaluates the given expression in Python and returns the result.</doc>
<status status="PASS" start="2025-07-14T10:09:57.622382" elapsed="0.001223"/>
</kw>
<if>
<branch type="IF" condition="${areEqual} == ${TRUE}">
<kw name="Log" owner="BuiltIn">
<msg time="2025-07-14T10:09:57.653195" level="INFO">Lists are Equal</msg>
<arg>Lists are Equal</arg>
<doc>Logs the given message with the given level.</doc>
<status status="PASS" start="2025-07-14T10:09:57.651928" elapsed="0.001884"/>
</kw>
<status status="PASS" start="2025-07-14T10:09:57.623910" elapsed="0.030149"/>
</branch>
<branch type="ELSE">
<kw name="Log" owner="BuiltIn">
<arg>Lists are not matching</arg>
<doc>Logs the given message with the given level.</doc>
<status status="NOT RUN" start="2025-07-14T10:09:57.667613" elapsed="0.000198"/>
</kw>
<status status="NOT RUN" start="2025-07-14T10:09:57.654269" elapsed="0.013690"/>
</branch>
<status status="PASS" start="2025-07-14T10:09:57.623844" elapsed="0.044233"/>
</if>
<status status="PASS" start="2025-07-14T10:09:56.721833" elapsed="0.946553"/>
</kw>
<kw name="Add Items To Cart And Checkout" owner="Shop">
<msg time="2025-07-14T10:09:58.714217" level="INFO">Clicking element 'xpath:(//button[@class='btn btn-info'])[3]'.</msg>
<msg time="2025-07-14T10:09:59.515386" level="INFO">Clicking element 'xpath:(//button[@class='btn btn-info'])[4]'.</msg>
<msg time="2025-07-14T10:09:59.720530" level="INFO">Clicking link 'css:li.active a.nav-link.btn.btn-primary'.</msg>
<arg>${list_of_products}</arg>
<status status="PASS" start="2025-07-14T10:09:57.668736" elapsed="2.245223"/>
</kw>
<kw name="Verify Items In Checkout Page And Proceed" owner="CheckoutPage">
<kw name="Get WebElements" owner="SeleniumLibrary">
<msg time="2025-07-14T10:09:59.934100" level="INFO">${rows} = []</msg>
<var>${rows}</var>
<arg>xpath://tr</arg>
<doc>Returns a list of WebElement objects matching the ``locator``.</doc>
<status status="PASS" start="2025-07-14T10:09:59.915176" elapsed="0.019026"/>
</kw>
<kw name="Get Length" owner="BuiltIn">
<msg time="2025-07-14T10:09:59.934944" level="INFO">Length is 0.</msg>
<msg time="2025-07-14T10:09:59.935090" level="INFO">${total_rows} = 0</msg>
<var>${total_rows}</var>
<arg>${rows}</arg>
<doc>Returns and logs the length of the given item as an integer.</doc>
<status status="PASS" start="2025-07-14T10:09:59.934570" elapsed="0.000562"/>
</kw>
<kw name="Evaluate" owner="BuiltIn">
<msg time="2025-07-14T10:09:59.936335" level="INFO">${total_rows-2} = -2</msg>
<var>${total_rows-2}</var>
<arg>${total_rows}-2</arg>
<doc>Evaluates the given expression in Python and returns the result.</doc>
<status status="PASS" start="2025-07-14T10:09:59.935481" elapsed="0.001138"/>
</kw>
<kw name="Create List" owner="BuiltIn">
<msg time="2025-07-14T10:09:59.937856" level="INFO">${actual_list} = []</msg>
<var>${actual_list}</var>
<doc>Returns a list containing given items.</doc>
<status status="PASS" start="2025-07-14T10:09:59.937469" elapsed="0.000454"/>
</kw>
<for flavor="IN RANGE">
<iter>
<kw name="Get Text" owner="SeleniumLibrary">
<var>${item}</var>
<arg>xpath:(//tr[${index}]/td[1]/div/div/h4/a)</arg>
<doc>Returns the text value of the element identified by ``locator``.</doc>
<status status="NOT RUN" start="2025-07-14T10:09:59.940204" elapsed="0.000163"/>
</kw>
<kw name="Log To Console" owner="BuiltIn">
<arg>${item}</arg>
<doc>Logs the given message to the console.</doc>
<status status="NOT RUN" start="2025-07-14T10:09:59.940680" elapsed="0.000139"/>
</kw>
<kw name="Append To List" owner="Collections">
<arg>${actual_list}</arg>
<arg>${item}</arg>
<doc>Adds ``values`` to the end of ``list``.</doc>
<status status="NOT RUN" start="2025-07-14T10:09:59.941086" elapsed="0.000301"/>
</kw>
<var name="${index}"/>
<status status="NOT RUN" start="2025-07-14T10:09:59.939725" elapsed="0.002105"/>
</iter>
<var>${index}</var>
<value>1</value>
<value>${total_rows-2}</value>
<status status="NOT RUN" start="2025-07-14T10:09:59.938126" elapsed="0.004781"/>
</for>
<kw name="Log" owner="BuiltIn">
<msg time="2025-07-14T10:09:59.947743" level="INFO">Actual items in checkout page: []</msg>
<arg>Actual items in checkout page: ${actual_list}</arg>
<doc>Logs the given message with the given level.</doc>
<status status="PASS" start="2025-07-14T10:09:59.944140" elapsed="0.003787"/>
</kw>
<kw name="Should Be Equal" owner="BuiltIn">
<msg time="2025-07-14T10:09:59.949117" level="FAIL">[] != ['Blackberry', 'Nokia Edge']</msg>
<arg>${actual_list}</arg>
<arg>${expected_list}</arg>
<doc>Fails if the given objects are unequal.</doc>
<status status="FAIL" start="2025-07-14T10:09:59.948326" elapsed="0.000989">[] != ['Blackberry', 'Nokia Edge']</status>
</kw>
<kw name="Click Element" owner="SeleniumLibrary">
<arg>xpath://button[@class='btn btn-success']</arg>
<doc>Click the element identified by ``locator``.</doc>
<status status="NOT RUN" start="2025-07-14T10:09:59.950058" elapsed="0.000958"/>
</kw>
<arg>${list_of_products}</arg>
<status status="FAIL" start="2025-07-14T10:09:59.914439" elapsed="0.037518">[] != ['Blackberry', 'Nokia Edge']</status>
</kw>
<kw name="Enter The Country And Select Terms" owner="ConfirmationPage">
<arg>${country_name}</arg>
<status status="NOT RUN" start="2025-07-14T10:09:59.952353" elapsed="0.000163"/>
</kw>
<kw name="Purchase The Product And Confirm The Message" owner="ConfirmationPage">
<status status="NOT RUN" start="2025-07-14T10:09:59.953013" elapsed="0.000128"/>
</kw>
<kw name="Close Browser Session" owner="Generic" type="TEARDOWN">
<kw name="Close Browser" owner="SeleniumLibrary">
<doc>Closes the current browser.</doc>
<status status="PASS" start="2025-07-14T10:09:59.954256" elapsed="2.507822"/>
</kw>
<status status="PASS" start="2025-07-14T10:09:59.953671" elapsed="2.508763"/>
</kw>
<status status="FAIL" start="2025-07-14T10:09:29.240991" elapsed="33.221590">[] != ['Blackberry', 'Nokia Edge']</status>
</test>
<doc>To Validate the Login Page</doc>
<status status="FAIL" start="2025-07-14T10:09:28.761150" elapsed="33.709425"/>
</suite>
<status status="FAIL" start="2025-07-14T10:09:28.729929" elapsed="33.742036"/>
</suite>
<statistics>
<total>
<stat pass="0" fail="1" skip="0">All Tests</stat>
</total>
<tag>
</tag>
<suite>
<stat name="Tests" id="s1" pass="0" fail="1" skip="0">Tests</stat>
<stat name="testDemo7" id="s1-s1" pass="0" fail="1" skip="0">Tests.testDemo7</stat>
</suite>
</statistics>
<errors>
</errors>
</robot>
